nim_demo/uikit/build/outputs/logs/manifest-merger-debug-report.txt
-- Merging decision tree log ---
manifest
ADDED from nim_demo\uikit\AndroidManifest.xml:1:1-164:12
INJECTED from nim_demo\uikit\AndroidManifest.xml:1:1-164:12
INJECTED from nim_demo\uikit\AndroidManifest.xml:1:1-164:12
INJECTED from nim_demo\uikit\AndroidManifest.xml:1:1-164:12
INJECTED from nim_demo\uikit\AndroidManifest.xml:1:1-164:12
INJECTED from nim_demo\uikit\AndroidManifest.xml:1:1-164:12
INJECTED from nim_demo\uikit\AndroidManifest.xml:1:1-164:12
	package
		ADDED from nim_demo\uikit\AndroidManifest.xml:2:5-36
		INJECTED from nim_demo\uikit\AndroidManifest.xml
		INJECTED from nim_demo\uikit\AndroidManifest.xml
	android:versionName
		INJECTED from nim_demo\uikit\AndroidManifest.xml
		ADDED from nim_demo\uikit\AndroidManifest.xml:1:1-164:12
		INJECTED from nim_demo\uikit\AndroidManifest.xml
	android:versionCode
		INJECTED from nim_demo\uikit\AndroidManifest.xml
		ADDED from nim_demo\uikit\AndroidManifest.xml:1:1-164:12
		INJECTED from nim_demo\uikit\AndroidManifest.xml
	xmlns:android
		ADDED from nim_demo\uikit\AndroidManifest.xml:1:11-69
application
ADDED from nim_demo\uikit\AndroidManifest.xml:5:5-163:19
meta-data#com.netease.nim.uikit.support.glide.NIMGlideModule
ADDED from nim_demo\uikit\AndroidManifest.xml:7:9-9:42
	android:value
		ADDED from nim_demo\uikit\AndroidManifest.xml:9:13-40
	android:name
		ADDED from nim_demo\uikit\AndroidManifest.xml:8:13-78
activity#com.netease.nim.uikit.business.session.activity.P2PMessageActivity
ADDED from nim_demo\uikit\AndroidManifest.xml:14:9-19:70
	android:screenOrientation
		ADDED from nim_demo\uikit\AndroidManifest.xml:17:13-49
	android:windowSoftInputMode
		ADDED from nim_demo\uikit\AndroidManifest.xml:19:13-67
	android:configChanges
		ADDED from nim_demo\uikit\AndroidManifest.xml:16:13-63
	android:theme
		ADDED from nim_demo\uikit\AndroidManifest.xml:18:13-56
	android:name
		ADDED from nim_demo\uikit\AndroidManifest.xml:15:13-94
activity#com.netease.nim.uikit.business.session.activity.TeamMessageActivity
ADDED from nim_demo\uikit\AndroidManifest.xml:20:9-25:70
	android:screenOrientation
		ADDED from nim_demo\uikit\AndroidManifest.xml:23:13-49
	android:windowSoftInputMode
		ADDED from nim_demo\uikit\AndroidManifest.xml:25:13-67
	android:configChanges
		ADDED from nim_demo\uikit\AndroidManifest.xml:22:13-63
	android:theme
		ADDED from nim_demo\uikit\AndroidManifest.xml:24:13-56
	android:name
		ADDED from nim_demo\uikit\AndroidManifest.xml:21:13-95
activity#com.netease.nim.uikit.business.team.activity.NormalTeamInfoActivity
ADDED from nim_demo\uikit\AndroidManifest.xml:28:9-33:70
	android:screenOrientation
		ADDED from nim_demo\uikit\AndroidManifest.xml:31:13-49
	android:windowSoftInputMode
		ADDED from nim_demo\uikit\AndroidManifest.xml:33:13-67
	android:configChanges
		ADDED from nim_demo\uikit\AndroidManifest.xml:30:13-63
	android:theme
		ADDED from nim_demo\uikit\AndroidManifest.xml:32:13-56
	android:name
		ADDED from nim_demo\uikit\AndroidManifest.xml:29:13-95
activity#com.netease.nim.uikit.business.team.activity.AdvancedTeamInfoActivity
ADDED from nim_demo\uikit\AndroidManifest.xml:34:9-39:70
	android:screenOrientation
		ADDED from nim_demo\uikit\AndroidManifest.xml:37:13-49
	android:windowSoftInputMode
		ADDED from nim_demo\uikit\AndroidManifest.xml:39:13-67
	android:configChanges
		ADDED from nim_demo\uikit\AndroidManifest.xml:36:13-63
	android:theme
		ADDED from nim_demo\uikit\AndroidManifest.xml:38:13-56
	android:name
		ADDED from nim_demo\uikit\AndroidManifest.xml:35:13-97
activity#com.netease.nim.uikit.business.team.activity.AdvancedTeamMemberActivity
ADDED from nim_demo\uikit\AndroidManifest.xml:40:9-45:70
	android:screenOrientation
		ADDED from nim_demo\uikit\AndroidManifest.xml:43:13-49
	android:windowSoftInputMode
		ADDED from nim_demo\uikit\AndroidManifest.xml:45:13-67
	android:configChanges
		ADDED from nim_demo\uikit\AndroidManifest.xml:42:13-63
	android:theme
		ADDED from nim_demo\uikit\AndroidManifest.xml:44:13-56
	android:name
		ADDED from nim_demo\uikit\AndroidManifest.xml:41:13-99
activity#com.netease.nim.uikit.business.team.activity.AdvancedTeamAnnounceActivity
ADDED from nim_demo\uikit\AndroidManifest.xml:46:9-51:70
	android:screenOrientation
		ADDED from nim_demo\uikit\AndroidManifest.xml:49:13-49
	android:windowSoftInputMode
		ADDED from nim_demo\uikit\AndroidManifest.xml:51:13-67
	android:configChanges
		ADDED from nim_demo\uikit\AndroidManifest.xml:48:13-63
	android:theme
		ADDED from nim_demo\uikit\AndroidManifest.xml:50:13-56
	android:name
		ADDED from nim_demo\uikit\AndroidManifest.xml:47:13-101
activity#com.netease.nim.uikit.business.team.activity.AdvancedTeamMemberInfoActivity
ADDED from nim_demo\uikit\AndroidManifest.xml:52:9-57:70
	android:screenOrientation
		ADDED from nim_demo\uikit\AndroidManifest.xml:55:13-49
	android:windowSoftInputMode
		ADDED from nim_demo\uikit\AndroidManifest.xml:57:13-67
	android:configChanges
		ADDED from nim_demo\uikit\AndroidManifest.xml:54:13-63
	android:theme
		ADDED from nim_demo\uikit\AndroidManifest.xml:56:13-56
	android:name
		ADDED from nim_demo\uikit\AndroidManifest.xml:53:13-103
activity#com.netease.nim.uikit.business.team.activity.AdvancedTeamNicknameActivity
ADDED from nim_demo\uikit\AndroidManifest.xml:58:9-63:70
	android:screenOrientation
		ADDED from nim_demo\uikit\AndroidManifest.xml:61:13-49
	android:windowSoftInputMode
		ADDED from nim_demo\uikit\AndroidManifest.xml:63:13-67
	android:configChanges
		ADDED from nim_demo\uikit\AndroidManifest.xml:60:13-63
	android:theme
		ADDED from nim_demo\uikit\AndroidManifest.xml:62:13-56
	android:name
		ADDED from nim_demo\uikit\AndroidManifest.xml:59:13-101
activity#com.netease.nim.uikit.business.team.activity.AdvancedTeamCreateAnnounceActivity
ADDED from nim_demo\uikit\AndroidManifest.xml:64:9-69:70
	android:screenOrientation
		ADDED from nim_demo\uikit\AndroidManifest.xml:67:13-49
	android:windowSoftInputMode
		ADDED from nim_demo\uikit\AndroidManifest.xml:69:13-67
	android:configChanges
		ADDED from nim_demo\uikit\AndroidManifest.xml:66:13-63
	android:theme
		ADDED from nim_demo\uikit\AndroidManifest.xml:68:13-56
	android:name
		ADDED from nim_demo\uikit\AndroidManifest.xml:65:13-107
activity#com.netease.nim.uikit.business.team.activity.TeamPropertySettingActivity
ADDED from nim_demo\uikit\AndroidManifest.xml:70:9-75:70
	android:screenOrientation
		ADDED from nim_demo\uikit\AndroidManifest.xml:73:13-49
	android:windowSoftInputMode
		ADDED from nim_demo\uikit\AndroidManifest.xml:75:13-67
	android:configChanges
		ADDED from nim_demo\uikit\AndroidManifest.xml:72:13-63
	android:theme
		ADDED from nim_demo\uikit\AndroidManifest.xml:74:13-56
	android:name
		ADDED from nim_demo\uikit\AndroidManifest.xml:71:13-100
activity#com.netease.nim.uikit.business.team.activity.TeamCodeActivity
ADDED from nim_demo\uikit\AndroidManifest.xml:76:9-81:70
	android:screenOrientation
		ADDED from nim_demo\uikit\AndroidManifest.xml:79:13-49
	android:windowSoftInputMode
		ADDED from nim_demo\uikit\AndroidManifest.xml:81:13-67
	android:configChanges
		ADDED from nim_demo\uikit\AndroidManifest.xml:78:13-63
	android:theme
		ADDED from nim_demo\uikit\AndroidManifest.xml:80:13-56
	android:name
		ADDED from nim_demo\uikit\AndroidManifest.xml:77:13-89
activity#com.netease.nim.uikit.business.contact.selector.activity.ContactSelectActivity
ADDED from nim_demo\uikit\AndroidManifest.xml:85:9-91:67
	android:screenOrientation
		ADDED from nim_demo\uikit\AndroidManifest.xml:89:13-49
	android:label
		ADDED from nim_demo\uikit\AndroidManifest.xml:88:13-53
	android:windowSoftInputMode
		ADDED from nim_demo\uikit\AndroidManifest.xml:91:13-64
	android:configChanges
		ADDED from nim_demo\uikit\AndroidManifest.xml:87:13-63
	android:theme
		ADDED from nim_demo\uikit\AndroidManifest.xml:90:13-56
	android:name
		ADDED from nim_demo\uikit\AndroidManifest.xml:86:13-106
activity#com.netease.nim.uikit.business.ait.selector.AitContactSelectorActivity
ADDED from nim_demo\uikit\AndroidManifest.xml:94:9-96:64
	android:screenOrientation
		ADDED from nim_demo\uikit\AndroidManifest.xml:95:19-55
	android:theme
		ADDED from nim_demo\uikit\AndroidManifest.xml:96:19-62
	android:name
		ADDED from nim_demo\uikit\AndroidManifest.xml:94:19-83
activity#com.netease.nim.uikit.common.media.picker.activity.PickImageActivity
ADDED from nim_demo\uikit\AndroidManifest.xml:99:9-102:59
	android:screenOrientation
		ADDED from nim_demo\uikit\AndroidManifest.xml:101:13-49
	android:theme
		ADDED from nim_demo\uikit\AndroidManifest.xml:102:13-56
	android:name
		ADDED from nim_demo\uikit\AndroidManifest.xml:100:13-96
activity#com.netease.nim.uikit.common.media.picker.activity.CropImageActivity
ADDED from nim_demo\uikit\AndroidManifest.xml:103:9-106:58
	android:screenOrientation
		ADDED from nim_demo\uikit\AndroidManifest.xml:105:13-49
	android:theme
		ADDED from nim_demo\uikit\AndroidManifest.xml:106:13-56
	android:name
		ADDED from nim_demo\uikit\AndroidManifest.xml:104:13-96
activity#com.netease.nim.uikit.common.media.picker.activity.PickerAlbumActivity
ADDED from nim_demo\uikit\AndroidManifest.xml:107:9-110:59
	android:screenOrientation
		ADDED from nim_demo\uikit\AndroidManifest.xml:109:13-49
	android:theme
		ADDED from nim_demo\uikit\AndroidManifest.xml:110:13-56
	android:name
		ADDED from nim_demo\uikit\AndroidManifest.xml:108:13-98
activity#com.netease.nim.uikit.common.media.picker.activity.PickerAlbumPreviewActivity
ADDED from nim_demo\uikit\AndroidManifest.xml:111:9-114:59
	android:screenOrientation
		ADDED from nim_demo\uikit\AndroidManifest.xml:113:13-49
	android:theme
		ADDED from nim_demo\uikit\AndroidManifest.xml:114:13-56
	android:name
		ADDED from nim_demo\uikit\AndroidManifest.xml:112:13-105
activity#com.netease.nim.uikit.common.media.picker.activity.PreviewImageFromLocalActivity
ADDED from nim_demo\uikit\AndroidManifest.xml:115:9-120:58
	android:screenOrientation
		ADDED from nim_demo\uikit\AndroidManifest.xml:118:13-49
	android:windowSoftInputMode
		ADDED from nim_demo\uikit\AndroidManifest.xml:119:13-67
	android:configChanges
		ADDED from nim_demo\uikit\AndroidManifest.xml:117:13-63
	android:theme
		ADDED from nim_demo\uikit\AndroidManifest.xml:120:13-56
	android:name
		ADDED from nim_demo\uikit\AndroidManifest.xml:116:13-108
activity#com.netease.nim.uikit.common.media.picker.activity.PreviewImageFromCameraActivity
ADDED from nim_demo\uikit\AndroidManifest.xml:121:9-127:70
	android:screenOrientation
		ADDED from nim_demo\uikit\AndroidManifest.xml:125:13-49
	android:label
		ADDED from nim_demo\uikit\AndroidManifest.xml:124:13-53
	android:windowSoftInputMode
		ADDED from nim_demo\uikit\AndroidManifest.xml:127:13-67
	android:configChanges
		ADDED from nim_demo\uikit\AndroidManifest.xml:123:13-63
	android:theme
		ADDED from nim_demo\uikit\AndroidManifest.xml:126:13-56
	android:name
		ADDED from nim_demo\uikit\AndroidManifest.xml:122:13-109
activity#com.netease.nim.uikit.business.session.activity.CaptureVideoActivity
ADDED from nim_demo\uikit\AndroidManifest.xml:130:9-135:58
	android:screenOrientation
		ADDED from nim_demo\uikit\AndroidManifest.xml:133:13-49
	android:windowSoftInputMode
		ADDED from nim_demo\uikit\AndroidManifest.xml:134:13-67
	android:configChanges
		ADDED from nim_demo\uikit\AndroidManifest.xml:132:13-63
	android:theme
		ADDED from nim_demo\uikit\AndroidManifest.xml:135:13-56
	android:name
		ADDED from nim_demo\uikit\AndroidManifest.xml:131:13-96
activity#com.netease.nim.uikit.business.session.activity.WatchVideoActivity
ADDED from nim_demo\uikit\AndroidManifest.xml:137:9-141:48
	android:label
		ADDED from nim_demo\uikit\AndroidManifest.xml:140:13-47
	android:configChanges
		ADDED from nim_demo\uikit\AndroidManifest.xml:139:13-74
	android:theme
		ADDED from nim_demo\uikit\AndroidManifest.xml:141:13-45
	android:name
		ADDED from nim_demo\uikit\AndroidManifest.xml:138:13-94
activity#com.netease.nim.uikit.business.session.activity.WatchMessagePictureActivity
ADDED from nim_demo\uikit\AndroidManifest.xml:144:9-147:47
	android:configChanges
		ADDED from nim_demo\uikit\AndroidManifest.xml:146:13-51
	android:theme
		ADDED from nim_demo\uikit\AndroidManifest.xml:147:13-45
	android:name
		ADDED from nim_demo\uikit\AndroidManifest.xml:145:13-103
activity#com.netease.nim.uikit.business.session.activity.WatchPicAndVideoMenuActivity
ADDED from nim_demo\uikit\AndroidManifest.xml:149:9-151:47
	android:configChanges
		ADDED from nim_demo\uikit\AndroidManifest.xml:150:13-51
	android:theme
		ADDED from nim_demo\uikit\AndroidManifest.xml:151:13-45
	android:name
		ADDED from nim_demo\uikit\AndroidManifest.xml:149:19-89
provider#com.netease.nim.uikit.common.media.picker.model.GenericFileProvider
ADDED from nim_demo\uikit\AndroidManifest.xml:154:9-162:20
	android:grantUriPermissions
		ADDED from nim_demo\uikit\AndroidManifest.xml:158:13-47
	android:authorities
		ADDED from nim_demo\uikit\AndroidManifest.xml:156:13-73
	android:exported
		ADDED from nim_demo\uikit\AndroidManifest.xml:157:13-37
	android:name
		ADDED from nim_demo\uikit\AndroidManifest.xml:155:13-95
meta-data#android.support.FILE_PROVIDER_PATHS
ADDED from nim_demo\uikit\AndroidManifest.xml:159:13-161:57
	android:resource
		ADDED from nim_demo\uikit\AndroidManifest.xml:161:17-55
	android:name
		ADDED from nim_demo\uikit\AndroidManifest.xml:160:17-67
uses-sdk
INJECTED from nim_demo\uikit\AndroidManifest.xml reason: use-sdk injection requested
INJECTED from nim_demo\uikit\AndroidManifest.xml
INJECTED from nim_demo\uikit\AndroidManifest.xml
INJECTED from nim_demo\uikit\AndroidManifest.xml
INJECTED from nim_demo\uikit\AndroidManifest.xml
	android:targetSdkVersion
		INJECTED from nim_demo\uikit\AndroidManifest.xml
		ADDED from nim_demo\uikit\AndroidManifest.xml
		INJECTED from nim_demo\uikit\AndroidManifest.xml
	android:minSdkVersion
		INJECTED from nim_demo\uikit\AndroidManifest.xml
		ADDED from nim_demo\uikit\AndroidManifest.xml
		INJECTED from nim_demo\uikit\AndroidManifest.xml